<?xml version="1.0" encoding="UTF-8"?>
<testsuite xmlns:xsi="http://www.w3.org/2001/XMLSchema-instance" xsi:noNamespaceSchemaLocation="https://maven.apache.org/surefire/maven-surefire-plugin/xsd/surefire-test-report.xsd" name="jogodavida.TabuleiroTest" time="0.042" tests="12" errors="0" skipped="0" failures="0">
  <properties>
    <property name="java.specification.version" value="17"/>
    <property name="sun.jnu.encoding" value="UTF-8"/>
    <property name="java.class.path" value="/home/andrelcol/Desktop/jogoDaVida/JogoDaVida/target/test-classes:/home/andrelcol/Desktop/jogoDaVida/JogoDaVida/target/classes:/home/andrelcol/.m2/repository/org/openjfx/javafx-controls/17.0.14/javafx-controls-17.0.14.jar:/home/andrelcol/.m2/repository/org/openjfx/javafx-controls/17.0.14/javafx-controls-17.0.14-linux.jar:/home/andrelcol/.m2/repository/org/openjfx/javafx-fxml/17.0.14/javafx-fxml-17.0.14.jar:/home/andrelcol/.m2/repository/org/openjfx/javafx-fxml/17.0.14/javafx-fxml-17.0.14-linux.jar:/home/andrelcol/.m2/repository/org/openjfx/javafx-graphics/17.0.14/javafx-graphics-17.0.14.jar:/home/andrelcol/.m2/repository/org/openjfx/javafx-graphics/17.0.14/javafx-graphics-17.0.14-linux.jar:/home/andrelcol/.m2/repository/org/openjfx/javafx-base/17.0.14/javafx-base-17.0.14.jar:/home/andrelcol/.m2/repository/org/openjfx/javafx-base/17.0.14/javafx-base-17.0.14-linux.jar:/home/andrelcol/.m2/repository/org/junit/jupiter/junit-jupiter/5.8.2/junit-jupiter-5.8.2.jar:/home/andrelcol/.m2/repository/org/junit/jupiter/junit-jupiter-api/5.8.2/junit-jupiter-api-5.8.2.jar:/home/andrelcol/.m2/repository/org/opentest4j/opentest4j/1.2.0/opentest4j-1.2.0.jar:/home/andrelcol/.m2/repository/org/junit/platform/junit-platform-commons/1.8.2/junit-platform-commons-1.8.2.jar:/home/andrelcol/.m2/repository/org/apiguardian/apiguardian-api/1.1.2/apiguardian-api-1.1.2.jar:/home/andrelcol/.m2/repository/org/junit/jupiter/junit-jupiter-params/5.8.2/junit-jupiter-params-5.8.2.jar:/home/andrelcol/.m2/repository/org/junit/jupiter/junit-jupiter-engine/5.8.2/junit-jupiter-engine-5.8.2.jar:/home/andrelcol/.m2/repository/org/junit/platform/junit-platform-engine/1.8.2/junit-platform-engine-1.8.2.jar:/home/andrelcol/.m2/repository/org/pitest/pitest-junit5-plugin/1.1.0/pitest-junit5-plugin-1.1.0.jar:"/>
    <property name="java.vm.vendor" value="Ubuntu"/>
    <property name="sun.arch.data.model" value="64"/>
    <property name="java.vendor.url" value="https://ubuntu.com/"/>
    <property name="os.name" value="Linux"/>
    <property name="java.vm.specification.version" value="17"/>
    <property name="sun.java.launcher" value="SUN_STANDARD"/>
    <property name="user.country" value="US"/>
    <property name="sun.boot.library.path" value="/usr/lib/jvm/java-17-openjdk-amd64/lib"/>
    <property name="sun.java.command" value="/home/andrelcol/Desktop/jogoDaVida/JogoDaVida/target/surefire/surefirebooter1700182028188523133.jar /home/andrelcol/Desktop/jogoDaVida/JogoDaVida/target/surefire 2025-03-21T20-10-20_098-jvmRun1 surefire3948320907535733970tmp surefire_08237363171876105149tmp"/>
    <property name="jdk.debug" value="release"/>
    <property name="surefire.test.class.path" value="/home/andrelcol/Desktop/jogoDaVida/JogoDaVida/target/test-classes:/home/andrelcol/Desktop/jogoDaVida/JogoDaVida/target/classes:/home/andrelcol/.m2/repository/org/openjfx/javafx-controls/17.0.14/javafx-controls-17.0.14.jar:/home/andrelcol/.m2/repository/org/openjfx/javafx-controls/17.0.14/javafx-controls-17.0.14-linux.jar:/home/andrelcol/.m2/repository/org/openjfx/javafx-fxml/17.0.14/javafx-fxml-17.0.14.jar:/home/andrelcol/.m2/repository/org/openjfx/javafx-fxml/17.0.14/javafx-fxml-17.0.14-linux.jar:/home/andrelcol/.m2/repository/org/openjfx/javafx-graphics/17.0.14/javafx-graphics-17.0.14.jar:/home/andrelcol/.m2/repository/org/openjfx/javafx-graphics/17.0.14/javafx-graphics-17.0.14-linux.jar:/home/andrelcol/.m2/repository/org/openjfx/javafx-base/17.0.14/javafx-base-17.0.14.jar:/home/andrelcol/.m2/repository/org/openjfx/javafx-base/17.0.14/javafx-base-17.0.14-linux.jar:/home/andrelcol/.m2/repository/org/junit/jupiter/junit-jupiter/5.8.2/junit-jupiter-5.8.2.jar:/home/andrelcol/.m2/repository/org/junit/jupiter/junit-jupiter-api/5.8.2/junit-jupiter-api-5.8.2.jar:/home/andrelcol/.m2/repository/org/opentest4j/opentest4j/1.2.0/opentest4j-1.2.0.jar:/home/andrelcol/.m2/repository/org/junit/platform/junit-platform-commons/1.8.2/junit-platform-commons-1.8.2.jar:/home/andrelcol/.m2/repository/org/apiguardian/apiguardian-api/1.1.2/apiguardian-api-1.1.2.jar:/home/andrelcol/.m2/repository/org/junit/jupiter/junit-jupiter-params/5.8.2/junit-jupiter-params-5.8.2.jar:/home/andrelcol/.m2/repository/org/junit/jupiter/junit-jupiter-engine/5.8.2/junit-jupiter-engine-5.8.2.jar:/home/andrelcol/.m2/repository/org/junit/platform/junit-platform-engine/1.8.2/junit-platform-engine-1.8.2.jar:/home/andrelcol/.m2/repository/org/pitest/pitest-junit5-plugin/1.1.0/pitest-junit5-plugin-1.1.0.jar:"/>
    <property name="sun.cpu.endian" value="little"/>
    <property name="user.home" value="/home/andrelcol"/>
    <property name="user.language" value="en"/>
    <property name="java.specification.vendor" value="Oracle Corporation"/>
    <property name="java.version.date" value="2025-01-21"/>
    <property name="java.home" value="/usr/lib/jvm/java-17-openjdk-amd64"/>
    <property name="file.separator" value="/"/>
    <property name="basedir" value="/home/andrelcol/Desktop/jogoDaVida/JogoDaVida"/>
    <property name="java.vm.compressedOopsMode" value="32-bit"/>
    <property name="line.separator" value="&#10;"/>
    <property name="java.specification.name" value="Java Platform API Specification"/>
    <property name="java.vm.specification.vendor" value="Oracle Corporation"/>
    <property name="surefire.real.class.path" value="/home/andrelcol/Desktop/jogoDaVida/JogoDaVida/target/surefire/surefirebooter1700182028188523133.jar"/>
    <property name="sun.management.compiler" value="HotSpot 64-Bit Tiered Compilers"/>
    <property name="java.runtime.version" value="17.0.14+7-Ubuntu-124.04"/>
    <property name="user.name" value="andrelcol"/>
    <property name="path.separator" value=":"/>
    <property name="os.version" value="6.11.0-19-generic"/>
    <property name="java.runtime.name" value="OpenJDK Runtime Environment"/>
    <property name="file.encoding" value="UTF-8"/>
    <property name="java.vm.name" value="OpenJDK 64-Bit Server VM"/>
    <property name="localRepository" value="/home/andrelcol/.m2/repository"/>
    <property name="java.vendor.url.bug" value="https://bugs.launchpad.net/ubuntu/+source/openjdk-17"/>
    <property name="java.io.tmpdir" value="/tmp"/>
    <property name="java.version" value="17.0.14"/>
    <property name="user.dir" value="/home/andrelcol/Desktop/jogoDaVida/JogoDaVida"/>
    <property name="os.arch" value="amd64"/>
    <property name="java.vm.specification.name" value="Java Virtual Machine Specification"/>
    <property name="native.encoding" value="UTF-8"/>
    <property name="java.library.path" value="/tmp/.mount_CursorFYs8J6/usr/lib/:/tmp/.mount_CursorFYs8J6/usr/lib32/:/tmp/.mount_CursorFYs8J6/usr/lib64/:/tmp/.mount_CursorFYs8J6/lib/:/tmp/.mount_CursorFYs8J6/lib/i386-linux-gnu/:/tmp/.mount_CursorFYs8J6/lib/x86_64-linux-gnu/:/tmp/.mount_CursorFYs8J6/lib/aarch64-linux-gnu/:/tmp/.mount_CursorFYs8J6/lib32/:/tmp/.mount_CursorFYs8J6/lib64/::/usr/java/packages/lib:/usr/lib/x86_64-linux-gnu/jni:/lib/x86_64-linux-gnu:/usr/lib/x86_64-linux-gnu:/usr/lib/jni:/lib:/usr/lib"/>
    <property name="java.vm.info" value="mixed mode, sharing"/>
    <property name="java.vendor" value="Ubuntu"/>
    <property name="java.vm.version" value="17.0.14+7-Ubuntu-124.04"/>
    <property name="java.specification.maintenance.version" value="1"/>
    <property name="sun.io.unicode.encoding" value="UnicodeLittle"/>
    <property name="java.class.version" value="61.0"/>
  </properties>
  <testcase name="testFluxoDadosMorte" classname="jogodavida.TabuleiroTest" time="0.022"/>
  <testcase name="testSetGetCelula" classname="jogodavida.TabuleiroTest" time="0.001"/>
  <testcase name="testEfeitosColateraisProximaGeracao" classname="jogodavida.TabuleiroTest" time="0.001"/>
  <testcase name="testContaVizinhosVivos" classname="jogodavida.TabuleiroTest" time="0.002"/>
  <testcase name="testProximaGeracao" classname="jogodavida.TabuleiroTest" time="0.001"/>
  <testcase name="testPadraoEstavel" classname="jogodavida.TabuleiroTest" time="0.001"/>
  <testcase name="testBordas" classname="jogodavida.TabuleiroTest" time="0.001"/>
  <testcase name="testCasosLimiteContagem" classname="jogodavida.TabuleiroTest" time="0.001"/>
  <testcase name="testInicializacao" classname="jogodavida.TabuleiroTest" time="0.001"/>
  <testcase name="testFluxoDadosNascimento" classname="jogodavida.TabuleiroTest" time="0.001"/>
  <testcase name="testFluxoDadosSobrevivencia" classname="jogodavida.TabuleiroTest" time="0"/>
  <testcase name="testContaVizinhosVivosCasosMutacao" classname="jogodavida.TabuleiroTest" time="0"/>
</testsuite>